<?xml version="1.0" encoding="UTF-8"?>
<!-- Generated by org.testng.reporters.JUnitReportReporter -->
<testsuite hostname="INPUEN-DL146" failures="0" tests="2" name="com.framework.tests.Ebay_Home_Sanity" time="47.801" errors="0" timestamp="2022-05-09T07:14:49 IST" skipped="0">
  <testcase classname="com.framework.tests.Ebay_Home_Sanity" name="empty_Search_test_softassert" time="28.421"/>
  <system-out/>
  <testcase classname="com.framework.tests.Ebay_Home_Sanity" name="empty_search_test" time="19.380"/>
  <system-out/>
</testsuite> <!-- com.framework.tests.Ebay_Home_Sanity -->
