<?xml version="1.0" encoding="UTF-8"?>
<!-- Generated by org.testng.reporters.JUnitReportReporter -->
<testsuite hostname="INPUEN-DL146" failures="0" tests="2" name="com.framework.tests.Empty_Ebay_Search" time="54.524" errors="0" timestamp="6 May 2022 02:13:28 GMT">
  <testcase classname="com.framework.tests.Empty_Ebay_Search" name="empty_Search_test_softassert" time="24.066"/>
  <testcase classname="com.framework.tests.Empty_Ebay_Search" name="empty_search_test" time="30.458"/>
</testsuite> <!-- com.framework.tests.Empty_Ebay_Search -->
